==74738== Memcheck, a memory error detector
==74738== Copyright (C) 2002-2022, and GNU GPL'd, by Julian Seward et al.
==74738== Using Valgrind-3.19.0 and LibVEX; rerun with -h for copyright info
==74738== Command: dist/main.bin
==74738== Parent PID: 74737
==74738== 
==74738== 
==74738== Process terminating with default action of signal 2 (SIGINT)
==74738==    at 0x4A4034E: read (read.c:26)
==74738==    by 0x49C65EB: _IO_file_underflow@@GLIBC_2.2.5 (fileops.c:516)
==74738==    by 0x49C7621: _IO_default_uflow (genops.c:362)
==74738==    by 0x49A07AF: __vfscanf_internal (vfscanf-internal.c:628)
==74738==    by 0x499F77D: __isoc99_scanf (isoc99_scanf.c:30)
==74738==    by 0x1092EA: main (main.c:73)
==74738== 
==74738== HEAP SUMMARY:
==74738==     in use at exit: 5,120 bytes in 2 blocks
==74738==   total heap usage: 2 allocs, 0 frees, 5,120 bytes allocated
==74738== 
==74738== 1,024 bytes in 1 blocks are still reachable in loss record 1 of 2
==74738==    at 0x48437B4: malloc (vg_replace_malloc.c:381)
==74738==    by 0x49B9CFB: _IO_file_doallocate (filedoalloc.c:101)
==74738==    by 0x49C756F: _IO_doallocbuf (genops.c:347)
==74738==    by 0x49C756F: _IO_doallocbuf (genops.c:342)
==74738==    by 0x49C6693: _IO_file_underflow@@GLIBC_2.2.5 (fileops.c:485)
==74738==    by 0x49C7621: _IO_default_uflow (genops.c:362)
==74738==    by 0x49A07AF: __vfscanf_internal (vfscanf-internal.c:628)
==74738==    by 0x499F77D: __isoc99_scanf (isoc99_scanf.c:30)
==74738==    by 0x1092EA: main (main.c:73)
==74738== 
==74738== 4,096 bytes in 1 blocks are still reachable in loss record 2 of 2
==74738==    at 0x48437B4: malloc (vg_replace_malloc.c:381)
==74738==    by 0x49B9CFB: _IO_file_doallocate (filedoalloc.c:101)
==74738==    by 0x49C756F: _IO_doallocbuf (genops.c:347)
==74738==    by 0x49C756F: _IO_doallocbuf (genops.c:342)
==74738==    by 0x49C6917: _IO_file_overflow@@GLIBC_2.2.5 (fileops.c:744)
==74738==    by 0x49C5A2D: _IO_new_file_xsputn (fileops.c:1243)
==74738==    by 0x49C5A2D: _IO_file_xsputn@@GLIBC_2.2.5 (fileops.c:1196)
==74738==    by 0x49B1148: outstring_func (vfprintf-internal.c:239)
==74738==    by 0x49B1148: __vfprintf_internal (vfprintf-internal.c:1263)
==74738==    by 0x499E3DA: printf (printf.c:33)
==74738==    by 0x10929D: main (main.c:63)
==74738== 
==74738== LEAK SUMMARY:
==74738==    definitely lost: 0 bytes in 0 blocks
==74738==    indirectly lost: 0 bytes in 0 blocks
==74738==      possibly lost: 0 bytes in 0 blocks
==74738==    still reachable: 5,120 bytes in 2 blocks
==74738==         suppressed: 0 bytes in 0 blocks
==74738== 
==74738== For lists of detected and suppressed errors, rerun with: -s
==74738== ERROR SUMMARY: 0 errors from 0 contexts (suppressed: 0 from 0)
